[0.454s] Invoking command in '/home/betul/Downloads/SARA/sara_ws/build/sara_control': PYTHONPATH=/home/betul/Downloads/SARA/sara_ws/build/sara_control/prefix_override:/usr/lib/python3/dist-packages/colcon_core/task/python/colcon_distutils_commands:/home/betul/Downloads/SARA/sara_ws/install/sara_control/lib/python3.10/site-packages:${PYTHONPATH} /usr/bin/python3 -W ignore:setup.py install is deprecated -W ignore:easy_install command is deprecated setup.py develop --editable --build-directory /home/betul/Downloads/SARA/sara_ws/build/sara_control/build --no-deps symlink_data
[0.587s] running develop
[0.661s] running egg_info
[0.661s] writing sara_control.egg-info/PKG-INFO
[0.661s] writing dependency_links to sara_control.egg-info/dependency_links.txt
[0.661s] writing entry points to sara_control.egg-info/entry_points.txt
[0.662s] writing requirements to sara_control.egg-info/requires.txt
[0.662s] writing top-level names to sara_control.egg-info/top_level.txt
[0.663s] reading manifest file 'sara_control.egg-info/SOURCES.txt'
[0.663s] writing manifest file 'sara_control.egg-info/SOURCES.txt'
[0.664s] running build_ext
[0.664s] Creating /home/betul/Downloads/SARA/sara_ws/install/sara_control/lib/python3.10/site-packages/sara-control.egg-link (link to .)
[0.664s] Installing fake_sensor script to /home/betul/Downloads/SARA/sara_ws/install/sara_control/lib/sara_control
[0.665s] Installing navigation1 script to /home/betul/Downloads/SARA/sara_ws/install/sara_control/lib/sara_control
[0.665s] Installing sara_simple_control script to /home/betul/Downloads/SARA/sara_ws/install/sara_control/lib/sara_control
[0.665s] Installing sara_viz_bridge script to /home/betul/Downloads/SARA/sara_ws/install/sara_control/lib/sara_control
[0.665s] Installing servo_controller script to /home/betul/Downloads/SARA/sara_ws/install/sara_control/lib/sara_control
[0.665s] 
[0.665s] Installed /home/betul/Downloads/SARA/sara_ws/build/sara_control
[0.665s] running symlink_data
[0.680s] Invoked command in '/home/betul/Downloads/SARA/sara_ws/build/sara_control' returned '0': PYTHONPATH=/home/betul/Downloads/SARA/sara_ws/build/sara_control/prefix_override:/usr/lib/python3/dist-packages/colcon_core/task/python/colcon_distutils_commands:/home/betul/Downloads/SARA/sara_ws/install/sara_control/lib/python3.10/site-packages:${PYTHONPATH} /usr/bin/python3 -W ignore:setup.py install is deprecated -W ignore:easy_install command is deprecated setup.py develop --editable --build-directory /home/betul/Downloads/SARA/sara_ws/build/sara_control/build --no-deps symlink_data
