running develop
running egg_info
creating sara_control.egg-info
writing sara_control.egg-info/PKG-INFO
writing dependency_links to sara_control.egg-info/dependency_links.txt
writing entry points to sara_control.egg-info/entry_points.txt
writing requirements to sara_control.egg-info/requires.txt
writing top-level names to sara_control.egg-info/top_level.txt
writing manifest file 'sara_control.egg-info/SOURCES.txt'
reading manifest file 'sara_control.egg-info/SOURCES.txt'
writing manifest file 'sara_control.egg-info/SOURCES.txt'
running build_ext
Creating /home/betul/Downloads/SARA/sara_ws/install/sara_control/lib/python3.10/site-packages/sara-control.egg-link (link to .)
Installing fake_sensor script to /home/betul/Downloads/SARA/sara_ws/install/sara_control/lib/sara_control
Installing navigation1 script to /home/betul/Downloads/SARA/sara_ws/install/sara_control/lib/sara_control
Installing sara_simple_control script to /home/betul/Downloads/SARA/sara_ws/install/sara_control/lib/sara_control
Installing sara_viz_bridge script to /home/betul/Downloads/SARA/sara_ws/install/sara_control/lib/sara_control
Installing servo_controller script to /home/betul/Downloads/SARA/sara_ws/install/sara_control/lib/sara_control

Installed /home/betul/Downloads/SARA/sara_ws/build/sara_control
running symlink_data
creating /home/betul/Downloads/SARA/sara_ws/install/sara_control/share/ament_index
creating /home/betul/Downloads/SARA/sara_ws/install/sara_control/share/ament_index/resource_index
creating /home/betul/Downloads/SARA/sara_ws/install/sara_control/share/ament_index/resource_index/packages
symbolically linking /home/betul/Downloads/SARA/sara_ws/build/sara_control/resource/sara_control -> /home/betul/Downloads/SARA/sara_ws/install/sara_control/share/ament_index/resource_index/packages
symbolically linking /home/betul/Downloads/SARA/sara_ws/build/sara_control/package.xml -> /home/betul/Downloads/SARA/sara_ws/install/sara_control/share/sara_control
creating /home/betul/Downloads/SARA/sara_ws/install/sara_control/share/sara_control/launch
symbolically linking /home/betul/Downloads/SARA/sara_ws/build/sara_control/launch/sara_sim_launch.py -> /home/betul/Downloads/SARA/sara_ws/install/sara_control/share/sara_control/launch
