[0.359s] Invoking command in '/home/betul/Downloads/SARA/sara_ws/build/sara_control': PYTHONPATH=/home/betul/Downloads/SARA/sara_ws/build/sara_control/prefix_override:/usr/lib/python3/dist-packages/colcon_core/task/python/colcon_distutils_commands:/home/betul/Downloads/SARA/sara_ws/install/sara_control/lib/python3.10/site-packages:${PYTHONPATH} /usr/bin/python3 -W ignore:setup.py install is deprecated -W ignore:easy_install command is deprecated setup.py develop --editable --build-directory /home/betul/Downloads/SARA/sara_ws/build/sara_control/build --no-deps symlink_data
[0.556s] running develop
[0.628s] running egg_info
[0.628s] creating sara_control.egg-info
[0.628s] writing sara_control.egg-info/PKG-INFO
[0.628s] writing dependency_links to sara_control.egg-info/dependency_links.txt
[0.628s] writing entry points to sara_control.egg-info/entry_points.txt
[0.628s] writing requirements to sara_control.egg-info/requires.txt
[0.628s] writing top-level names to sara_control.egg-info/top_level.txt
[0.629s] writing manifest file 'sara_control.egg-info/SOURCES.txt'
[0.629s] reading manifest file 'sara_control.egg-info/SOURCES.txt'
[0.630s] writing manifest file 'sara_control.egg-info/SOURCES.txt'
[0.631s] running build_ext
[0.631s] Creating /home/betul/Downloads/SARA/sara_ws/install/sara_control/lib/python3.10/site-packages/sara-control.egg-link (link to .)
[0.631s] Installing fake_sensor script to /home/betul/Downloads/SARA/sara_ws/install/sara_control/lib/sara_control
[0.631s] Installing navigation1 script to /home/betul/Downloads/SARA/sara_ws/install/sara_control/lib/sara_control
[0.632s] Installing sara_simple_control script to /home/betul/Downloads/SARA/sara_ws/install/sara_control/lib/sara_control
[0.632s] Installing sara_viz_bridge script to /home/betul/Downloads/SARA/sara_ws/install/sara_control/lib/sara_control
[0.632s] Installing servo_controller script to /home/betul/Downloads/SARA/sara_ws/install/sara_control/lib/sara_control
[0.632s] 
[0.632s] Installed /home/betul/Downloads/SARA/sara_ws/build/sara_control
[0.632s] running symlink_data
[0.632s] creating /home/betul/Downloads/SARA/sara_ws/install/sara_control/share/ament_index
[0.632s] creating /home/betul/Downloads/SARA/sara_ws/install/sara_control/share/ament_index/resource_index
[0.632s] creating /home/betul/Downloads/SARA/sara_ws/install/sara_control/share/ament_index/resource_index/packages
[0.632s] symbolically linking /home/betul/Downloads/SARA/sara_ws/build/sara_control/resource/sara_control -> /home/betul/Downloads/SARA/sara_ws/install/sara_control/share/ament_index/resource_index/packages
[0.632s] symbolically linking /home/betul/Downloads/SARA/sara_ws/build/sara_control/package.xml -> /home/betul/Downloads/SARA/sara_ws/install/sara_control/share/sara_control
[0.632s] creating /home/betul/Downloads/SARA/sara_ws/install/sara_control/share/sara_control/launch
[0.632s] symbolically linking /home/betul/Downloads/SARA/sara_ws/build/sara_control/launch/sara_sim_launch.py -> /home/betul/Downloads/SARA/sara_ws/install/sara_control/share/sara_control/launch
[0.648s] Invoked command in '/home/betul/Downloads/SARA/sara_ws/build/sara_control' returned '0': PYTHONPATH=/home/betul/Downloads/SARA/sara_ws/build/sara_control/prefix_override:/usr/lib/python3/dist-packages/colcon_core/task/python/colcon_distutils_commands:/home/betul/Downloads/SARA/sara_ws/install/sara_control/lib/python3.10/site-packages:${PYTHONPATH} /usr/bin/python3 -W ignore:setup.py install is deprecated -W ignore:easy_install command is deprecated setup.py develop --editable --build-directory /home/betul/Downloads/SARA/sara_ws/build/sara_control/build --no-deps symlink_data
